<?xml version="1.0" encoding="UTF-8"?>
<!-- Generated by org.testng.reporters.JUnitReportReporter -->
<testsuite skipped="0" hostname="jaharon-lt" name="WebGridMaven.WebGridMaven.WebTest" tests="1" failures="0" timestamp="16 Jul 2018 10:04:06 GMT" time="10.636" errors="0">
  <testcase name="testExperitest" time="10.636" classname="WebGridMaven.WebGridMaven.WebTest"/>
</testsuite> <!-- WebGridMaven.WebGridMaven.WebTest -->
